Fatal error: cannot open file 'workflows/210703_shuffle_utrs_5prime.R': No such file or directory
[1] "counting observed codons.."
simulating expected codons..
Running 2000 simulations.
2021-07-06 16:49:48 - Replicate 1
Starting parallel using 24 cores...
2021-07-06 17:06:21 - Replicate 2
Starting parallel using 24 cores...
2021-07-06 17:22:28 - Replicate 3
Starting parallel using 24 cores...
2021-07-06 17:40:04 - Replicate 4
Starting parallel using 24 cores...
2021-07-06 17:57:58 - Replicate 5
Starting parallel using 24 cores...
2021-07-06 18:15:53 - Replicate 6
Starting parallel using 24 cores...
2021-07-06 18:33:03 - Replicate 7
Starting parallel using 24 cores...
2021-07-06 18:50:19 - Replicate 8
Starting parallel using 24 cores...
2021-07-06 19:07:30 - Replicate 9
Starting parallel using 24 cores...
2021-07-06 19:23:19 - Replicate 10
Starting parallel using 24 cores...
