Loading utrsRus
Loading required package: ggplot2
Loading required package: data.table
Loading required package: reshape2

Attaching package: 'reshape2'

The following objects are masked from 'package:data.table':

    dcast, melt

Loading required package: reticulate
Adding files missing in collate: create_mane_mapping.R, get_cap_to_start_len.R, load_genelist.R, map_mane.R, matrixsplit.R, melt_tri.R, sim_expected_codons.R, sim_seq.R, som_prob_codons.R
Loading required package: foreach
Loading required package: iterators
Loading utrsRus
Loading required package: ggplot2
Loading required package: data.table
Loading required package: reshape2

Attaching package: 'reshape2'

The following objects are masked from 'package:data.table':

    dcast, melt

Loading required package: reticulate
Adding files missing in collate: create_mane_mapping.R, get_cap_to_start_len.R, get_cds_proximity.R, load_genelist.R, map_mane.R, matrixsplit.R, melt_tri.R, select_kozak.R, sim_expected_codons.R, sim_seq.R, som_prob_codons.R
Loading required package: foreach
Loading required package: iterators
Loading utrsRus
Loading required package: ggplot2
Loading required package: data.table
Loading required package: reshape2

Attaching package: 'reshape2'

The following objects are masked from 'package:data.table':

    dcast, melt

Loading required package: reticulate
Adding files missing in collate: calc_hyper.R, get_pre_codon.R, gg_hm.R, lapply_calc_hyper.R, make_mapping.R
Loading required package: foreach
Loading required package: iterators
