python:         /gpfs3/well/lindgren/users/mmq446/conda/skylake/envs/reticulate/bin/python3
libpython:      /well/lindgren/users/mmq446/conda/skylake/envs/reticulate/lib/libpython3.8.so
pythonhome:     /gpfs3/well/lindgren/users/mmq446/conda/skylake/envs/reticulate:/gpfs3/well/lindgren/users/mmq446/conda/skylake/envs/reticulate
version:        3.8.15 | packaged by conda-forge | (default, Nov 22 2022, 08:49:35)  [GCC 10.4.0]
numpy:          /gpfs3/well/lindgren/users/mmq446/conda/skylake/envs/reticulate/lib/python3.8/site-packages/numpy
numpy_version:  1.24.1

NOTE: Python version was forced by RETICULATE_PYTHON
[1] "counting observed codons.."
simulating expected codons..
Running 1 simulations.
2023-01-15 15:40:11 - Replicate 1
python:         /gpfs3/well/lindgren/users/mmq446/conda/skylake/envs/reticulate/bin/python3
libpython:      /well/lindgren/users/mmq446/conda/skylake/envs/reticulate/lib/libpython3.8.so
pythonhome:     /gpfs3/well/lindgren/users/mmq446/conda/skylake/envs/reticulate:/gpfs3/well/lindgren/users/mmq446/conda/skylake/envs/reticulate
version:        3.8.15 | packaged by conda-forge | (default, Nov 22 2022, 08:49:35)  [GCC 10.4.0]
numpy:          /gpfs3/well/lindgren/users/mmq446/conda/skylake/envs/reticulate/lib/python3.8/site-packages/numpy
numpy_version:  1.24.1

NOTE: Python version was forced by RETICULATE_PYTHON
[1] "counting observed codons.."
simulating expected codons..
Running 1 simulations.
2023-01-15 15:41:19 - Replicate 1
python:         /gpfs3/well/lindgren/users/mmq446/conda/skylake/envs/reticulate/bin/python3
libpython:      /well/lindgren/users/mmq446/conda/skylake/envs/reticulate/lib/libpython3.8.so
pythonhome:     /gpfs3/well/lindgren/users/mmq446/conda/skylake/envs/reticulate:/gpfs3/well/lindgren/users/mmq446/conda/skylake/envs/reticulate
version:        3.8.15 | packaged by conda-forge | (default, Nov 22 2022, 08:49:35)  [GCC 10.4.0]
numpy:          /gpfs3/well/lindgren/users/mmq446/conda/skylake/envs/reticulate/lib/python3.8/site-packages/numpy
numpy_version:  1.24.1

NOTE: Python version was forced by RETICULATE_PYTHON
[1] "counting observed codons.."
simulating expected codons..
Running 1 simulations.
2023-01-15 15:42:41 - Replicate 1
Starting parallel using 24 cores...
python:         /gpfs3/well/lindgren/users/mmq446/conda/skylake/envs/reticulate/bin/python3
libpython:      /well/lindgren/users/mmq446/conda/skylake/envs/reticulate/lib/libpython3.8.so
pythonhome:     /gpfs3/well/lindgren/users/mmq446/conda/skylake/envs/reticulate:/gpfs3/well/lindgren/users/mmq446/conda/skylake/envs/reticulate
version:        3.8.15 | packaged by conda-forge | (default, Nov 22 2022, 08:49:35)  [GCC 10.4.0]
numpy:          /gpfs3/well/lindgren/users/mmq446/conda/skylake/envs/reticulate/lib/python3.8/site-packages/numpy
numpy_version:  1.24.1

NOTE: Python version was forced by RETICULATE_PYTHON
[1] "counting observed codons.."
simulating expected codons..
Running 1 simulations.
2023-01-15 15:44:25 - Replicate 1
Starting parallel using 24 cores...
python:         /gpfs3/well/lindgren/users/mmq446/conda/skylake/envs/reticulate/bin/python3
libpython:      /well/lindgren/users/mmq446/conda/skylake/envs/reticulate/lib/libpython3.8.so
pythonhome:     /gpfs3/well/lindgren/users/mmq446/conda/skylake/envs/reticulate:/gpfs3/well/lindgren/users/mmq446/conda/skylake/envs/reticulate
version:        3.8.15 | packaged by conda-forge | (default, Nov 22 2022, 08:49:35)  [GCC 10.4.0]
numpy:          /gpfs3/well/lindgren/users/mmq446/conda/skylake/envs/reticulate/lib/python3.8/site-packages/numpy
numpy_version:  1.24.1

NOTE: Python version was forced by RETICULATE_PYTHON
python:         /gpfs3/well/lindgren/users/mmq446/conda/skylake/envs/reticulate/bin/python3
libpython:      /well/lindgren/users/mmq446/conda/skylake/envs/reticulate/lib/libpython3.8.so
pythonhome:     /gpfs3/well/lindgren/users/mmq446/conda/skylake/envs/reticulate:/gpfs3/well/lindgren/users/mmq446/conda/skylake/envs/reticulate
version:        3.8.15 | packaged by conda-forge | (default, Nov 22 2022, 08:49:35)  [GCC 10.4.0]
numpy:          /gpfs3/well/lindgren/users/mmq446/conda/skylake/envs/reticulate/lib/python3.8/site-packages/numpy
numpy_version:  1.24.1

NOTE: Python version was forced by RETICULATE_PYTHON
simulating expected codons..
2023-01-15 15:53:25 - Replicate 3
Starting parallel using 24 cores...
simulating expected codons..
2023-01-15 15:53:25 - Replicate 2
Starting parallel using 24 cores...
